<?xml version="1.0" encoding="UTF-8"?>
<!-- Generated by org.testng.reporters.JUnitReportReporter -->
<testsuite skipped="0" hostname="W3" name="com.test.ChromeBrowserTest" tests="1" failures="0" timestamp="2020-01-16T13:22:40 IST" time="3.887" errors="0">
  <testcase name="test" time="3.887" classname="com.test.ChromeBrowserTest"/>
</testsuite> <!-- com.test.ChromeBrowserTest -->
