<?xml version="1.0" encoding="UTF-8"?>
<!-- Generated by org.testng.reporters.JUnitReportReporter -->
<testsuite skipped="0" hostname="W3" name="com.test.ChromeBrowserTest" tests="1" failures="0" timestamp="16 Jan 2020 09:23:22 GMT" time="4.824" errors="0">
  <testcase name="test" time="4.824" classname="com.test.ChromeBrowserTest"/>
</testsuite> <!-- com.test.ChromeBrowserTest -->
