<?xml version="1.0" encoding="UTF-8"?>
<!-- Generated by org.testng.reporters.JUnitReportReporter -->
<testsuite skipped="0" hostname="W3" name="com.test.Hedlesstest" tests="1" failures="0" timestamp="16 Jan 2020 09:23:22 GMT" time="3.798" errors="0">
  <testcase name="test" time="3.798" classname="com.test.Hedlesstest"/>
</testsuite> <!-- com.test.Hedlesstest -->
